0 info it worked if it ends with ok
1 verbose cli [ '/usr/bin/nodejs',
1 verbose cli   '/usr/bin/npm',
1 verbose cli   '--prefix',
1 verbose cli   './app/web',
1 verbose cli   'install',
1 verbose cli   'socketio-client' ]
2 info using npm@1.4.21
3 info using node@v4.7.2
4 warn package.json Packet@1.0.0 No repository field.
5 warn package.json Packet@1.0.0 license should be a valid SPDX license expression
6 warn package.json grunt@0.4.5 No license field.
7 warn package.json grunt-contrib-concat@0.5.1 No license field.
8 warn package.json grunt-string-replace@1.3.1 No license field.
9 warn package.json gruntfile-gtx@0.3.0 No license field.
10 warn package.json http-server@0.6.1 No license field.
11 verbose readDependencies using package.json deps
12 verbose cache add [ 'socketio-client', null ]
13 verbose cache add name=undefined spec="socketio-client" args=["socketio-client",null]
14 verbose parsed url Url {
14 verbose parsed url   protocol: null,
14 verbose parsed url   slashes: null,
14 verbose parsed url   auth: null,
14 verbose parsed url   host: null,
14 verbose parsed url   port: null,
14 verbose parsed url   hostname: null,
14 verbose parsed url   hash: null,
14 verbose parsed url   search: null,
14 verbose parsed url   query: null,
14 verbose parsed url   pathname: 'socketio-client',
14 verbose parsed url   path: 'socketio-client',
14 verbose parsed url   href: 'socketio-client' }
15 silly lockFile 4e93c47f-socketio-client socketio-client
16 verbose lock socketio-client /root/.npm/4e93c47f-socketio-client.lock
17 silly lockFile 4e93c47f-socketio-client socketio-client
18 silly lockFile 4e93c47f-socketio-client socketio-client
19 verbose addNamed [ 'socketio-client', '' ]
20 verbose addNamed [ null, '*' ]
21 silly lockFile 734c0ca4-socketio-client socketio-client@
22 verbose lock socketio-client@ /root/.npm/734c0ca4-socketio-client.lock
23 silly addNameRange { name: 'socketio-client', range: '*', hasData: false }
24 verbose request where is /socketio-client
25 verbose request registry https://registry.npmjs.org/
26 verbose request id 9b25f574752ced49
27 verbose url raw /socketio-client
28 verbose url resolving [ 'https://registry.npmjs.org/', './socketio-client' ]
29 verbose url resolved https://registry.npmjs.org/socketio-client
30 verbose request where is https://registry.npmjs.org/socketio-client
31 info trying registry request attempt 1 at 05:33:50
32 http GET https://registry.npmjs.org/socketio-client
33 http 404 https://registry.npmjs.org/socketio-client
34 silly registry.get cb [ 404,
34 silly registry.get   { 'content-type': 'application/json',
34 silly registry.get     'cache-control': 'max-age=0',
34 silly registry.get     'content-length': '2',
34 silly registry.get     'accept-ranges': 'bytes',
34 silly registry.get     date: 'Fri, 10 Feb 2017 13:36:26 GMT',
34 silly registry.get     via: '1.1 varnish',
34 silly registry.get     age: '0',
34 silly registry.get     connection: 'close',
34 silly registry.get     'x-served-by': 'cache-lhr6327-LHR',
34 silly registry.get     'x-cache': 'MISS',
34 silly registry.get     'x-cache-hits': '0',
34 silly registry.get     'x-timer': 'S1486733786.526453,VS0,VE342',
34 silly registry.get     vary: 'Accept-Encoding' } ]
35 silly lockFile 734c0ca4-socketio-client socketio-client@
36 silly lockFile 734c0ca4-socketio-client socketio-client@
37 error 404 Not Found
37 error 404
37 error 404 'socketio-client' is not in the npm registry.
37 error 404 You should bug the author to publish it
37 error 404 It was specified as a dependency of 'Packet'
37 error 404
37 error 404 Note that you can also install from a
37 error 404 tarball, folder, or http url, or git url.
38 error System Linux 4.6.0-kali1-amd64
39 error command "/usr/bin/nodejs" "/usr/bin/npm" "--prefix" "./app/web" "install" "socketio-client"
40 error cwd /home/roman/societhy
41 error node -v v4.7.2
42 error npm -v 1.4.21
43 error code E404
44 verbose exit [ 1, true ]
