I0928 13:02:35.580131 ethdb/database.go:82] Allotted 128MB cache and 1024 file handles to .ethereum/societhest/chaindata
I0928 13:02:35.584157 cmd/utils/flags.go:849] ------------------------------------------------------------------------------------------------
I0928 13:02:35.584165 cmd/utils/flags.go:850] Geth is currently configured to SUPPORT the DAO hard-fork!
I0928 13:02:35.584170 cmd/utils/flags.go:851] You can change your choice prior to block #1920000 with --support-dao-fork or --oppose-dao-fork.
I0928 13:02:35.584174 cmd/utils/flags.go:852] After the hard-fork block #1920000 passed, changing chains requires a resync from scratch!
I0928 13:02:35.584178 cmd/utils/flags.go:853] ------------------------------------------------------------------------------------------------
I0928 13:02:35.584266 ethdb/database.go:169] closed db:.ethereum/societhest/chaindata
I0928 13:02:35.584304 cmd/utils/flags.go:592] WARNING: No etherbase set and no accounts found as default
I0928 13:02:35.584973 cmd/geth/main.go:309] instance: Geth/1.5.0-unstable-a4c4125b/go1.6.2/darwin
I0928 13:02:35.584994 ethdb/database.go:82] Allotted 128MB cache and 1024 file handles to .ethereum/societhest/chaindata
I0928 13:02:35.588116 ethdb/database.go:82] Allotted 16MB cache and 16 file handles to .ethereum/societhest/dapp
I0928 13:02:35.591210 eth/backend.go:184] Protocol Versions: [63 62], Network Id: 8587
I0928 13:02:35.847716 eth/backend.go:202] WARNING: Wrote default ethereum genesis block
I0928 13:02:35.847957 core/blockchain.go:204] Last header: #0 [d4e56740…] TD=17179869184
I0928 13:02:35.847973 core/blockchain.go:205] Last block: #0 [d4e56740…] TD=17179869184
I0928 13:02:35.847979 core/blockchain.go:206] Fast block: #0 [d4e56740…] TD=17179869184
I0928 13:02:35.848559 p2p/server.go:313] Starting Server
I0928 13:02:35.933368 p2p/discover/udp.go:217] Listening, enode://1a2c17ebbfa639808cf69f64dd75672da2b3028305bc711a891b485ce7cd6757294c30440704207755b7a7de488e2de3316df6db0124714b991b56b2f8257177@82.139.74.238:40301
I0928 13:02:35.933633 p2p/server.go:556] Listening on [::]:40301
I0928 13:02:35.935182 node/node.go:296] IPC endpoint opened: .ethereum/societhest/geth.ipc
I0928 13:02:35.936934 node/node.go:366] HTTP endpoint opened: http://localhost:8101
I0928 13:02:35.955783 p2p/nat/nat.go:111] mapped network port udp:40301 -> 40301 (ethereum discovery) using NAT-PMP(192.168.2.1)
I0928 13:02:35.963829 p2p/nat/nat.go:111] mapped network port tcp:40301 -> 40301 (ethereum p2p) using NAT-PMP(192.168.2.1)
I0928 13:03:15.436280 cmd/utils/cmd.go:74] Got interrupt, shutting down...
I0928 13:03:15.436349 node/node.go:383] HTTP endpoint closed: http://localhost:8101
I0928 13:03:15.436477 node/node.go:328] IPC endpoint closed: .ethereum/societhest/geth.ipc
I0928 13:03:15.436503 core/blockchain.go:572] Chain manager stopped
I0928 13:03:15.436514 eth/handler.go:227] Stopping ethereum protocol handler...
I0928 13:03:15.436540 eth/handler.go:248] Ethereum protocol handler stopped
I0928 13:03:15.436558 core/tx_pool.go:163] Transaction pool stopped
I0928 13:03:15.436579 eth/backend.go:502] Automatic pregeneration of ethash DAG OFF (ethash dir: /var/root/.ethash)
I0928 13:03:15.436803 ethdb/database.go:169] closed db:.ethereum/societhest/chaindata
I0928 13:03:15.436919 ethdb/database.go:169] closed db:.ethereum/societhest/dapp
